2023-07-28 14:56:23.139  INFO 39964 --- [restartedMain] com.example.EmployeeServiceApplication   : Starting EmployeeServiceApplication using Java 17.0.7 on DESKTOP-PDCNOTC with PID 39964 (D:\Documents(D)\IBM Assignments\employee-service\target\classes started by sahas in D:\Documents(D)\IBM Assignments\employee-service)
2023-07-28 14:56:23.141  INFO 39964 --- [restartedMain] com.example.EmployeeServiceApplication   : No active profile set, falling back to 1 default profile: "default"
2023-07-28 14:56:23.190  INFO 39964 --- [restartedMain] .e.DevToolsPropertyDefaultsPostProcessor : Devtools property defaults active! Set 'spring.devtools.add-properties' to 'false' to disable
2023-07-28 14:56:23.190  INFO 39964 --- [restartedMain] .e.DevToolsPropertyDefaultsPostProcessor : For additional web related logging consider setting the 'logging.level.web' property to 'DEBUG'
2023-07-28 14:56:24.091  INFO 39964 --- [restartedMain] .s.d.r.c.RepositoryConfigurationDelegate : Bootstrapping Spring Data JPA repositories in DEFAULT mode.
2023-07-28 14:56:24.232  INFO 39964 --- [restartedMain] .s.d.r.c.RepositoryConfigurationDelegate : Finished Spring Data repository scanning in 132 ms. Found 1 JPA repository interfaces.
2023-07-28 14:56:24.452  INFO 39964 --- [restartedMain] o.s.cloud.context.scope.GenericScope     : BeanFactory id=b6ac7fbf-8999-37f4-8710-87d3c6a379bf
2023-07-28 14:56:25.069  INFO 39964 --- [restartedMain] o.s.b.w.embedded.tomcat.TomcatWebServer  : Tomcat initialized with port(s): 0 (http)
2023-07-28 14:56:25.082  INFO 39964 --- [restartedMain] o.apache.catalina.core.StandardService   : Starting service [Tomcat]
2023-07-28 14:56:25.083  INFO 39964 --- [restartedMain] org.apache.catalina.core.StandardEngine  : Starting Servlet engine: [Apache Tomcat/9.0.78]
2023-07-28 14:56:25.194  INFO 39964 --- [restartedMain] o.a.c.c.C.[Tomcat].[localhost].[/]       : Initializing Spring embedded WebApplicationContext
2023-07-28 14:56:25.195  INFO 39964 --- [restartedMain] w.s.c.ServletWebServerApplicationContext : Root WebApplicationContext: initialization completed in 2003 ms
2023-07-28 14:56:25.464  INFO 39964 --- [restartedMain] o.hibernate.jpa.internal.util.LogHelper  : HHH000204: Processing PersistenceUnitInfo [name: default]
2023-07-28 14:56:25.508  INFO 39964 --- [restartedMain] org.hibernate.Version                    : HHH000412: Hibernate ORM core version 5.6.15.Final
2023-07-28 14:56:25.650  INFO 39964 --- [restartedMain] o.hibernate.annotations.common.Version   : HCANN000001: Hibernate Commons Annotations {5.1.2.Final}
2023-07-28 14:56:25.735  INFO 39964 --- [restartedMain] com.zaxxer.hikari.HikariDataSource       : HikariPool-1 - Starting...
2023-07-28 14:56:26.130  INFO 39964 --- [restartedMain] com.zaxxer.hikari.HikariDataSource       : HikariPool-1 - Start completed.
2023-07-28 14:56:26.159  INFO 39964 --- [restartedMain] org.hibernate.dialect.Dialect            : HHH000400: Using dialect: org.hibernate.dialect.MySQL8Dialect
2023-07-28 14:56:26.918  INFO 39964 --- [restartedMain] o.h.e.t.j.p.i.JtaPlatformInitiator       : HHH000490: Using JtaPlatform implementation: [org.hibernate.engine.transaction.jta.platform.internal.NoJtaPlatform]
2023-07-28 14:56:26.929  INFO 39964 --- [restartedMain] j.LocalContainerEntityManagerFactoryBean : Initialized JPA EntityManagerFactory for persistence unit 'default'
2023-07-28 14:56:27.234  WARN 39964 --- [restartedMain] JpaBaseConfiguration$JpaWebConfiguration : spring.jpa.open-in-view is enabled by default. Therefore, database queries may be performed during view rendering. Explicitly configure spring.jpa.open-in-view to disable this warning
2023-07-28 14:56:28.205  WARN 39964 --- [restartedMain] o.s.b.d.a.OptionalLiveReloadServer       : Unable to start LiveReload server
2023-07-28 14:56:28.351  INFO 39964 --- [restartedMain] DiscoveryClientOptionalArgsConfiguration : Eureka HTTP Client uses RestTemplate.
2023-07-28 14:56:28.423  WARN 39964 --- [restartedMain] iguration$LoadBalancerCaffeineWarnLogger : Spring Cloud LoadBalancer is currently working with the default cache. While this cache implementation is useful for development and tests, it's recommended to use Caffeine cache in production.You can switch to using Caffeine cache, by adding it and org.springframework.cache.caffeine.CaffeineCacheManager to the classpath.
2023-07-28 14:56:28.432  INFO 39964 --- [restartedMain] o.s.b.a.e.web.EndpointLinksResolver      : Exposing 17 endpoint(s) beneath base path '/actuator'
2023-07-28 14:56:28.551  INFO 39964 --- [restartedMain] o.s.b.w.embedded.tomcat.TomcatWebServer  : Tomcat started on port(s): 52604 (http) with context path ''
2023-07-28 14:56:28.553  INFO 39964 --- [restartedMain] .s.c.n.e.s.EurekaAutoServiceRegistration : Updating port to 52604
2023-07-28 14:56:28.562  INFO 39964 --- [restartedMain] o.s.c.n.eureka.InstanceInfoFactory       : Setting initial instance status as: STARTING
2023-07-28 14:56:28.612  INFO 39964 --- [restartedMain] com.netflix.discovery.DiscoveryClient    : Initializing Eureka in region us-east-1
2023-07-28 14:56:28.617  INFO 39964 --- [restartedMain] c.n.d.s.r.aws.ConfigClusterResolver      : Resolving eureka endpoints via configuration
2023-07-28 14:56:28.645  INFO 39964 --- [restartedMain] com.netflix.discovery.DiscoveryClient    : Disable delta property : false
2023-07-28 14:56:28.645  INFO 39964 --- [restartedMain] com.netflix.discovery.DiscoveryClient    : Single vip registry refresh property : null
2023-07-28 14:56:28.645  INFO 39964 --- [restartedMain] com.netflix.discovery.DiscoveryClient    : Force full registry fetch : false
2023-07-28 14:56:28.645  INFO 39964 --- [restartedMain] com.netflix.discovery.DiscoveryClient    : Application is null : false
2023-07-28 14:56:28.645  INFO 39964 --- [restartedMain] com.netflix.discovery.DiscoveryClient    : Registered Applications size is zero : true
2023-07-28 14:56:28.645  INFO 39964 --- [restartedMain] com.netflix.discovery.DiscoveryClient    : Application version is -1: true
2023-07-28 14:56:28.645  INFO 39964 --- [restartedMain] com.netflix.discovery.DiscoveryClient    : Getting all instance registry info from the eureka server
2023-07-28 14:56:28.864  INFO 39964 --- [restartedMain] com.netflix.discovery.DiscoveryClient    : The response status is 200
2023-07-28 14:56:28.867  INFO 39964 --- [restartedMain] com.netflix.discovery.DiscoveryClient    : Starting heartbeat executor: renew interval is: 30
2023-07-28 14:56:28.873  INFO 39964 --- [restartedMain] c.n.discovery.InstanceInfoReplicator     : InstanceInfoReplicator onDemand update allowed rate per min is 4
2023-07-28 14:56:28.882  INFO 39964 --- [restartedMain] com.netflix.discovery.DiscoveryClient    : Discovery Client initialized at timestamp 1690536388880 with initial instances count: 0
2023-07-28 14:56:28.885  INFO 39964 --- [restartedMain] o.s.c.n.e.s.EurekaServiceRegistry        : Registering application EMPLOYEE-SERVICE with eureka with status UP
2023-07-28 14:56:28.887  INFO 39964 --- [restartedMain] com.netflix.discovery.DiscoveryClient    : Saw local status change event StatusChangeEvent [timestamp=1690536388887, current=UP, previous=STARTING]
2023-07-28 14:56:28.889  INFO 39964 --- [DiscoveryClient-InstanceInfoReplicator-0] com.netflix.discovery.DiscoveryClient    : DiscoveryClient_EMPLOYEE-SERVICE/employee-service:e960ae539fe7f7dbcc21d7d8b36cf419: registering service...
2023-07-28 14:56:28.952  INFO 39964 --- [DiscoveryClient-InstanceInfoReplicator-0] com.netflix.discovery.DiscoveryClient    : DiscoveryClient_EMPLOYEE-SERVICE/employee-service:e960ae539fe7f7dbcc21d7d8b36cf419 - registration status: 204
2023-07-28 14:56:29.140  INFO 39964 --- [restartedMain] com.example.EmployeeServiceApplication   : Started EmployeeServiceApplication in 6.613 seconds (JVM running for 7.612)
2023-07-28 14:56:29.181  WARN 39964 --- [registrationTask1] d.c.b.a.c.r.ApplicationRegistrator       : Failed to register application as Application(name=employee-service, managementUrl=http://DESKTOP-PDCNOTC:52604/actuator, healthUrl=http://DESKTOP-PDCNOTC:52604/actuator/health, serviceUrl=http://DESKTOP-PDCNOTC:52604/) at spring-boot-admin ([http://localhost:9494/instances]): I/O error on POST request for "http://localhost:9494/instances": Connect to localhost:9494 [localhost/127.0.0.1, localhost/0:0:0:0:0:0:0:1] failed: Connection refused: no further information; nested exception is org.apache.http.conn.HttpHostConnectException: Connect to localhost:9494 [localhost/127.0.0.1, localhost/0:0:0:0:0:0:0:1] failed: Connection refused: no further information. Further attempts are logged on DEBUG level
2023-07-28 14:56:29.549  INFO 39964 --- [RMI TCP Connection(8)-127.0.0.1] o.a.c.c.C.[Tomcat].[localhost].[/]       : Initializing Spring DispatcherServlet 'dispatcherServlet'
2023-07-28 14:56:29.550  INFO 39964 --- [RMI TCP Connection(8)-127.0.0.1] o.s.web.servlet.DispatcherServlet        : Initializing Servlet 'dispatcherServlet'
2023-07-28 14:56:29.551  INFO 39964 --- [RMI TCP Connection(8)-127.0.0.1] o.s.web.servlet.DispatcherServlet        : Completed initialization in 1 ms
2023-07-28 14:56:58.878  INFO 39964 --- [DiscoveryClient-CacheRefreshExecutor-0] com.netflix.discovery.DiscoveryClient    : Disable delta property : false
2023-07-28 14:56:58.879  INFO 39964 --- [DiscoveryClient-CacheRefreshExecutor-0] com.netflix.discovery.DiscoveryClient    : Single vip registry refresh property : null
2023-07-28 14:56:58.879  INFO 39964 --- [DiscoveryClient-CacheRefreshExecutor-0] com.netflix.discovery.DiscoveryClient    : Force full registry fetch : false
2023-07-28 14:56:58.880  INFO 39964 --- [DiscoveryClient-CacheRefreshExecutor-0] com.netflix.discovery.DiscoveryClient    : Application is null : false
2023-07-28 14:56:58.880  INFO 39964 --- [DiscoveryClient-CacheRefreshExecutor-0] com.netflix.discovery.DiscoveryClient    : Registered Applications size is zero : true
2023-07-28 14:56:58.880  INFO 39964 --- [DiscoveryClient-CacheRefreshExecutor-0] com.netflix.discovery.DiscoveryClient    : Application version is -1: false
2023-07-28 14:56:58.880  INFO 39964 --- [DiscoveryClient-CacheRefreshExecutor-0] com.netflix.discovery.DiscoveryClient    : Getting all instance registry info from the eureka server
2023-07-28 14:56:58.903  INFO 39964 --- [DiscoveryClient-CacheRefreshExecutor-0] com.netflix.discovery.DiscoveryClient    : The response status is 200
2023-07-28 15:01:28.659  INFO 39964 --- [AsyncResolver-bootstrap-executor-0] c.n.d.s.r.aws.ConfigClusterResolver      : Resolving eureka endpoints via configuration
2023-07-28 15:06:28.671  INFO 39964 --- [AsyncResolver-bootstrap-executor-0] c.n.d.s.r.aws.ConfigClusterResolver      : Resolving eureka endpoints via configuration
2023-07-28 15:11:28.673  INFO 39964 --- [AsyncResolver-bootstrap-executor-0] c.n.d.s.r.aws.ConfigClusterResolver      : Resolving eureka endpoints via configuration
2023-07-28 15:16:28.682  INFO 39964 --- [AsyncResolver-bootstrap-executor-0] c.n.d.s.r.aws.ConfigClusterResolver      : Resolving eureka endpoints via configuration
2023-07-28 15:21:28.685  INFO 39964 --- [AsyncResolver-bootstrap-executor-0] c.n.d.s.r.aws.ConfigClusterResolver      : Resolving eureka endpoints via configuration
2023-07-28 15:26:28.698  INFO 39964 --- [AsyncResolver-bootstrap-executor-0] c.n.d.s.r.aws.ConfigClusterResolver      : Resolving eureka endpoints via configuration
2023-07-28 15:31:28.715  INFO 39964 --- [AsyncResolver-bootstrap-executor-0] c.n.d.s.r.aws.ConfigClusterResolver      : Resolving eureka endpoints via configuration
2023-07-28 15:36:28.731  INFO 39964 --- [AsyncResolver-bootstrap-executor-0] c.n.d.s.r.aws.ConfigClusterResolver      : Resolving eureka endpoints via configuration
2023-07-28 15:41:28.735  INFO 39964 --- [AsyncResolver-bootstrap-executor-0] c.n.d.s.r.aws.ConfigClusterResolver      : Resolving eureka endpoints via configuration
2023-07-28 15:46:28.753  INFO 39964 --- [AsyncResolver-bootstrap-executor-0] c.n.d.s.r.aws.ConfigClusterResolver      : Resolving eureka endpoints via configuration
2023-07-28 15:51:28.766  INFO 39964 --- [AsyncResolver-bootstrap-executor-0] c.n.d.s.r.aws.ConfigClusterResolver      : Resolving eureka endpoints via configuration
2023-07-28 15:56:28.783  INFO 39964 --- [AsyncResolver-bootstrap-executor-0] c.n.d.s.r.aws.ConfigClusterResolver      : Resolving eureka endpoints via configuration
2023-07-28 16:01:28.787  INFO 39964 --- [AsyncResolver-bootstrap-executor-0] c.n.d.s.r.aws.ConfigClusterResolver      : Resolving eureka endpoints via configuration
2023-07-28 16:06:28.901  INFO 39964 --- [AsyncResolver-bootstrap-executor-0] c.n.d.s.r.aws.ConfigClusterResolver      : Resolving eureka endpoints via configuration
2023-07-28 16:07:45.453  INFO 39964 --- [RMI TCP Connection(81)-127.0.0.1] inMXBeanRegistrar$SpringApplicationAdmin : Application shutdown requested.
2023-07-28 16:07:45.531  INFO 39964 --- [RMI TCP Connection(81)-127.0.0.1] o.s.c.n.e.s.EurekaServiceRegistry        : Unregistering application EMPLOYEE-SERVICE with eureka with status DOWN
2023-07-28 16:07:45.533  INFO 39964 --- [RMI TCP Connection(81)-127.0.0.1] com.netflix.discovery.DiscoveryClient    : Saw local status change event StatusChangeEvent [timestamp=1690540665532, current=DOWN, previous=UP]
2023-07-28 16:07:45.534  INFO 39964 --- [DiscoveryClient-InstanceInfoReplicator-0] com.netflix.discovery.DiscoveryClient    : DiscoveryClient_EMPLOYEE-SERVICE/employee-service:e960ae539fe7f7dbcc21d7d8b36cf419: registering service...
2023-07-28 16:07:45.612  INFO 39964 --- [DiscoveryClient-InstanceInfoReplicator-0] com.netflix.discovery.DiscoveryClient    : DiscoveryClient_EMPLOYEE-SERVICE/employee-service:e960ae539fe7f7dbcc21d7d8b36cf419 - registration status: 204
2023-07-28 16:07:45.831  INFO 39964 --- [RMI TCP Connection(81)-127.0.0.1] o.apache.catalina.core.StandardService   : Stopping service [Tomcat]
2023-07-28 16:07:45.850  INFO 39964 --- [RMI TCP Connection(81)-127.0.0.1] o.a.c.c.C.[Tomcat].[localhost].[/]       : Destroying Spring FrameworkServlet 'dispatcherServlet'
2023-07-28 16:07:45.926  INFO 39964 --- [RMI TCP Connection(81)-127.0.0.1] j.LocalContainerEntityManagerFactoryBean : Closing JPA EntityManagerFactory for persistence unit 'default'
2023-07-28 16:07:45.972  INFO 39964 --- [RMI TCP Connection(81)-127.0.0.1] com.zaxxer.hikari.HikariDataSource       : HikariPool-1 - Shutdown initiated...
2023-07-28 16:07:46.028  INFO 39964 --- [RMI TCP Connection(81)-127.0.0.1] com.zaxxer.hikari.HikariDataSource       : HikariPool-1 - Shutdown completed.
2023-07-28 16:07:46.033  INFO 39964 --- [RMI TCP Connection(81)-127.0.0.1] com.netflix.discovery.DiscoveryClient    : Shutting down DiscoveryClient ...
2023-07-28 16:07:49.054  INFO 39964 --- [RMI TCP Connection(81)-127.0.0.1] com.netflix.discovery.DiscoveryClient    : Unregistering ...
2023-07-28 16:07:49.062  INFO 39964 --- [RMI TCP Connection(81)-127.0.0.1] com.netflix.discovery.DiscoveryClient    : DiscoveryClient_EMPLOYEE-SERVICE/employee-service:e960ae539fe7f7dbcc21d7d8b36cf419 - deregister  status: 200
2023-07-28 16:07:49.076  INFO 39964 --- [RMI TCP Connection(81)-127.0.0.1] com.netflix.discovery.DiscoveryClient    : Completed shut down of DiscoveryClient
2023-07-28 16:21:40.954  INFO 10108 --- [restartedMain] com.example.EmployeeServiceApplication   : Starting EmployeeServiceApplication using Java 17.0.7 on DESKTOP-PDCNOTC with PID 10108 (D:\Documents(D)\IBM Assignments\employee-service\target\classes started by sahas in D:\Documents(D)\IBM Assignments\employee-service)
2023-07-28 16:21:40.993  INFO 10108 --- [restartedMain] com.example.EmployeeServiceApplication   : No active profile set, falling back to 1 default profile: "default"
2023-07-28 16:21:41.089  INFO 10108 --- [restartedMain] .e.DevToolsPropertyDefaultsPostProcessor : Devtools property defaults active! Set 'spring.devtools.add-properties' to 'false' to disable
2023-07-28 16:21:41.089  INFO 10108 --- [restartedMain] .e.DevToolsPropertyDefaultsPostProcessor : For additional web related logging consider setting the 'logging.level.web' property to 'DEBUG'
2023-07-28 16:21:42.294  INFO 10108 --- [restartedMain] .s.d.r.c.RepositoryConfigurationDelegate : Bootstrapping Spring Data JPA repositories in DEFAULT mode.
2023-07-28 16:21:42.443  INFO 10108 --- [restartedMain] .s.d.r.c.RepositoryConfigurationDelegate : Finished Spring Data repository scanning in 140 ms. Found 1 JPA repository interfaces.
2023-07-28 16:21:42.837  INFO 10108 --- [restartedMain] o.s.cloud.context.scope.GenericScope     : BeanFactory id=b6ac7fbf-8999-37f4-8710-87d3c6a379bf
2023-07-28 16:21:43.631  INFO 10108 --- [restartedMain] o.s.b.w.embedded.tomcat.TomcatWebServer  : Tomcat initialized with port(s): 0 (http)
2023-07-28 16:21:43.644  INFO 10108 --- [restartedMain] o.apache.catalina.core.StandardService   : Starting service [Tomcat]
2023-07-28 16:21:43.645  INFO 10108 --- [restartedMain] org.apache.catalina.core.StandardEngine  : Starting Servlet engine: [Apache Tomcat/9.0.78]
2023-07-28 16:21:43.783  INFO 10108 --- [restartedMain] o.a.c.c.C.[Tomcat].[localhost].[/]       : Initializing Spring embedded WebApplicationContext
2023-07-28 16:21:43.783  INFO 10108 --- [restartedMain] w.s.c.ServletWebServerApplicationContext : Root WebApplicationContext: initialization completed in 2693 ms
2023-07-28 16:21:44.154  INFO 10108 --- [restartedMain] o.hibernate.jpa.internal.util.LogHelper  : HHH000204: Processing PersistenceUnitInfo [name: default]
2023-07-28 16:21:44.231  INFO 10108 --- [restartedMain] org.hibernate.Version                    : HHH000412: Hibernate ORM core version 5.6.15.Final
2023-07-28 16:21:44.445  INFO 10108 --- [restartedMain] o.hibernate.annotations.common.Version   : HCANN000001: Hibernate Commons Annotations {5.1.2.Final}
2023-07-28 16:21:44.568  INFO 10108 --- [restartedMain] com.zaxxer.hikari.HikariDataSource       : HikariPool-1 - Starting...
2023-07-28 16:21:45.046  INFO 10108 --- [restartedMain] com.zaxxer.hikari.HikariDataSource       : HikariPool-1 - Start completed.
2023-07-28 16:21:45.087  INFO 10108 --- [restartedMain] org.hibernate.dialect.Dialect            : HHH000400: Using dialect: org.hibernate.dialect.MySQL8Dialect
2023-07-28 16:21:45.934  INFO 10108 --- [restartedMain] o.h.e.t.j.p.i.JtaPlatformInitiator       : HHH000490: Using JtaPlatform implementation: [org.hibernate.engine.transaction.jta.platform.internal.NoJtaPlatform]
2023-07-28 16:21:45.947  INFO 10108 --- [restartedMain] j.LocalContainerEntityManagerFactoryBean : Initialized JPA EntityManagerFactory for persistence unit 'default'
2023-07-28 16:21:46.420  WARN 10108 --- [restartedMain] JpaBaseConfiguration$JpaWebConfiguration : spring.jpa.open-in-view is enabled by default. Therefore, database queries may be performed during view rendering. Explicitly configure spring.jpa.open-in-view to disable this warning
2023-07-28 16:21:48.212  WARN 10108 --- [restartedMain] o.s.b.d.a.OptionalLiveReloadServer       : Unable to start LiveReload server
2023-07-28 16:21:48.446  INFO 10108 --- [restartedMain] DiscoveryClientOptionalArgsConfiguration : Eureka HTTP Client uses RestTemplate.
2023-07-28 16:21:48.550  WARN 10108 --- [restartedMain] iguration$LoadBalancerCaffeineWarnLogger : Spring Cloud LoadBalancer is currently working with the default cache. While this cache implementation is useful for development and tests, it's recommended to use Caffeine cache in production.You can switch to using Caffeine cache, by adding it and org.springframework.cache.caffeine.CaffeineCacheManager to the classpath.
2023-07-28 16:21:48.558  INFO 10108 --- [restartedMain] o.s.b.a.e.web.EndpointLinksResolver      : Exposing 17 endpoint(s) beneath base path '/actuator'
2023-07-28 16:21:48.731  INFO 10108 --- [restartedMain] o.s.b.w.embedded.tomcat.TomcatWebServer  : Tomcat started on port(s): 62280 (http) with context path ''
2023-07-28 16:21:48.733  INFO 10108 --- [restartedMain] .s.c.n.e.s.EurekaAutoServiceRegistration : Updating port to 62280
2023-07-28 16:21:48.744  INFO 10108 --- [restartedMain] o.s.c.n.eureka.InstanceInfoFactory       : Setting initial instance status as: STARTING
2023-07-28 16:21:48.838  INFO 10108 --- [restartedMain] com.netflix.discovery.DiscoveryClient    : Initializing Eureka in region us-east-1
2023-07-28 16:21:48.846  INFO 10108 --- [restartedMain] c.n.d.s.r.aws.ConfigClusterResolver      : Resolving eureka endpoints via configuration
2023-07-28 16:21:48.886  INFO 10108 --- [restartedMain] com.netflix.discovery.DiscoveryClient    : Disable delta property : false
2023-07-28 16:21:48.887  INFO 10108 --- [restartedMain] com.netflix.discovery.DiscoveryClient    : Single vip registry refresh property : null
2023-07-28 16:21:48.887  INFO 10108 --- [restartedMain] com.netflix.discovery.DiscoveryClient    : Force full registry fetch : false
2023-07-28 16:21:48.887  INFO 10108 --- [restartedMain] com.netflix.discovery.DiscoveryClient    : Application is null : false
2023-07-28 16:21:48.887  INFO 10108 --- [restartedMain] com.netflix.discovery.DiscoveryClient    : Registered Applications size is zero : true
2023-07-28 16:21:48.887  INFO 10108 --- [restartedMain] com.netflix.discovery.DiscoveryClient    : Application version is -1: true
2023-07-28 16:21:48.888  INFO 10108 --- [restartedMain] com.netflix.discovery.DiscoveryClient    : Getting all instance registry info from the eureka server
2023-07-28 16:21:49.194  INFO 10108 --- [restartedMain] com.netflix.discovery.DiscoveryClient    : The response status is 200
2023-07-28 16:21:49.199  INFO 10108 --- [restartedMain] com.netflix.discovery.DiscoveryClient    : Starting heartbeat executor: renew interval is: 30
2023-07-28 16:21:49.205  INFO 10108 --- [restartedMain] c.n.discovery.InstanceInfoReplicator     : InstanceInfoReplicator onDemand update allowed rate per min is 4
2023-07-28 16:21:49.216  INFO 10108 --- [restartedMain] com.netflix.discovery.DiscoveryClient    : Discovery Client initialized at timestamp 1690541509213 with initial instances count: 0
2023-07-28 16:21:49.219  INFO 10108 --- [restartedMain] o.s.c.n.e.s.EurekaServiceRegistry        : Registering application EMPLOYEE-SERVICE with eureka with status UP
2023-07-28 16:21:49.222  INFO 10108 --- [restartedMain] com.netflix.discovery.DiscoveryClient    : Saw local status change event StatusChangeEvent [timestamp=1690541509222, current=UP, previous=STARTING]
2023-07-28 16:21:49.224  INFO 10108 --- [DiscoveryClient-InstanceInfoReplicator-0] com.netflix.discovery.DiscoveryClient    : DiscoveryClient_EMPLOYEE-SERVICE/employee-service:4a8e69ed80efe3507b29d852c023ccda: registering service...
2023-07-28 16:21:49.301  INFO 10108 --- [DiscoveryClient-InstanceInfoReplicator-0] com.netflix.discovery.DiscoveryClient    : DiscoveryClient_EMPLOYEE-SERVICE/employee-service:4a8e69ed80efe3507b29d852c023ccda - registration status: 204
2023-07-28 16:21:49.515  INFO 10108 --- [restartedMain] com.example.EmployeeServiceApplication   : Started EmployeeServiceApplication in 9.424 seconds (JVM running for 10.674)
2023-07-28 16:21:49.554  WARN 10108 --- [registrationTask1] d.c.b.a.c.r.ApplicationRegistrator       : Failed to register application as Application(name=employee-service, managementUrl=http://DESKTOP-PDCNOTC:62280/actuator, healthUrl=http://DESKTOP-PDCNOTC:62280/actuator/health, serviceUrl=http://DESKTOP-PDCNOTC:62280/) at spring-boot-admin ([http://localhost:9494/instances]): I/O error on POST request for "http://localhost:9494/instances": Connect to localhost:9494 [localhost/127.0.0.1, localhost/0:0:0:0:0:0:0:1] failed: Connection refused: no further information; nested exception is org.apache.http.conn.HttpHostConnectException: Connect to localhost:9494 [localhost/127.0.0.1, localhost/0:0:0:0:0:0:0:1] failed: Connection refused: no further information. Further attempts are logged on DEBUG level
2023-07-28 16:21:50.087  INFO 10108 --- [RMI TCP Connection(7)-127.0.0.1] o.a.c.c.C.[Tomcat].[localhost].[/]       : Initializing Spring DispatcherServlet 'dispatcherServlet'
2023-07-28 16:21:50.088  INFO 10108 --- [RMI TCP Connection(7)-127.0.0.1] o.s.web.servlet.DispatcherServlet        : Initializing Servlet 'dispatcherServlet'
2023-07-28 16:21:50.091  INFO 10108 --- [RMI TCP Connection(7)-127.0.0.1] o.s.web.servlet.DispatcherServlet        : Completed initialization in 3 ms
2023-07-28 16:22:19.214  INFO 10108 --- [DiscoveryClient-CacheRefreshExecutor-0] com.netflix.discovery.DiscoveryClient    : Disable delta property : false
2023-07-28 16:22:19.214  INFO 10108 --- [DiscoveryClient-CacheRefreshExecutor-0] com.netflix.discovery.DiscoveryClient    : Single vip registry refresh property : null
2023-07-28 16:22:19.214  INFO 10108 --- [DiscoveryClient-CacheRefreshExecutor-0] com.netflix.discovery.DiscoveryClient    : Force full registry fetch : false
2023-07-28 16:22:19.214  INFO 10108 --- [DiscoveryClient-CacheRefreshExecutor-0] com.netflix.discovery.DiscoveryClient    : Application is null : false
2023-07-28 16:22:19.214  INFO 10108 --- [DiscoveryClient-CacheRefreshExecutor-0] com.netflix.discovery.DiscoveryClient    : Registered Applications size is zero : true
2023-07-28 16:22:19.214  INFO 10108 --- [DiscoveryClient-CacheRefreshExecutor-0] com.netflix.discovery.DiscoveryClient    : Application version is -1: false
2023-07-28 16:22:19.215  INFO 10108 --- [DiscoveryClient-CacheRefreshExecutor-0] com.netflix.discovery.DiscoveryClient    : Getting all instance registry info from the eureka server
2023-07-28 16:22:19.226  INFO 10108 --- [DiscoveryClient-CacheRefreshExecutor-0] com.netflix.discovery.DiscoveryClient    : The response status is 200
2023-07-28 16:26:48.904  INFO 10108 --- [AsyncResolver-bootstrap-executor-0] c.n.d.s.r.aws.ConfigClusterResolver      : Resolving eureka endpoints via configuration
2023-07-28 16:31:48.906  INFO 10108 --- [AsyncResolver-bootstrap-executor-0] c.n.d.s.r.aws.ConfigClusterResolver      : Resolving eureka endpoints via configuration
2023-07-28 16:36:48.923  INFO 10108 --- [AsyncResolver-bootstrap-executor-0] c.n.d.s.r.aws.ConfigClusterResolver      : Resolving eureka endpoints via configuration
2023-07-28 16:41:48.942  INFO 10108 --- [AsyncResolver-bootstrap-executor-0] c.n.d.s.r.aws.ConfigClusterResolver      : Resolving eureka endpoints via configuration
2023-07-28 16:46:48.967  INFO 10108 --- [AsyncResolver-bootstrap-executor-0] c.n.d.s.r.aws.ConfigClusterResolver      : Resolving eureka endpoints via configuration
2023-07-28 16:51:48.988  INFO 10108 --- [AsyncResolver-bootstrap-executor-0] c.n.d.s.r.aws.ConfigClusterResolver      : Resolving eureka endpoints via configuration
2023-07-28 16:56:48.996  INFO 10108 --- [AsyncResolver-bootstrap-executor-0] c.n.d.s.r.aws.ConfigClusterResolver      : Resolving eureka endpoints via configuration
2023-07-28 17:01:49.012  INFO 10108 --- [AsyncResolver-bootstrap-executor-0] c.n.d.s.r.aws.ConfigClusterResolver      : Resolving eureka endpoints via configuration
2023-07-28 17:06:49.024  INFO 10108 --- [AsyncResolver-bootstrap-executor-0] c.n.d.s.r.aws.ConfigClusterResolver      : Resolving eureka endpoints via configuration
2023-07-28 17:11:49.040  INFO 10108 --- [AsyncResolver-bootstrap-executor-0] c.n.d.s.r.aws.ConfigClusterResolver      : Resolving eureka endpoints via configuration
